<?xml version="1.0" encoding="UTF-8"?>
<!-- Generated by org.testng.reporters.JUnitXMLReporter -->
<testsuite ignored="0" hostname="TheVision" failures="2" tests="6" name="IxigoTests" time="130.607" errors="0" timestamp="2026-04-27T08:48:26 IST">
  <testcase classname="io.cucumber.testng.AbstractTestNGCucumberTests" name="runScenario" time="49.178"/>
  <testcase classname="io.cucumber.testng.AbstractTestNGCucumberTests" name="runScenario" time="78.433"/>
  <testcase classname="io.cucumber.testng.AbstractTestNGCucumberTests" name="runScenario" time="109.727"/>
  <testcase classname="io.cucumber.testng.AbstractTestNGCucumberTests" name="runScenario" time="127.343">
    <failure type="java.lang.AssertionError" message="LOGIN POPUP not shown. URL: https://www.ixigo.com/search/result/train/MS/KKDI/30052026//1/0/0/0/all">
      <![CDATA[java.lang.AssertionError: LOGIN POPUP not shown. URL: https://www.ixigo.com/search/result/train/MS/KKDI/30052026//1/0/0/0/all
at com.ixigo.testing.stepdefinition.CommonSteps.runFullPostBookFlow(CommonSteps.java:132)
at com.ixigo.testing.stepdefinition.CommonSteps.verify_login_popup(CommonSteps.java:54)
at ✽.User should see login popup(file:///C:/Users/Our_Power/IxigoFinalCopy/ixigo/src/test/java/com/ixigo/testing/featurefile/platform.feature:9)
... Removed 1 stack frames]]>
    </failure>
  </testcase> <!-- runScenario -->
  <testcase classname="io.cucumber.testng.AbstractTestNGCucumberTests" name="runScenario" time="129.39">
    <failure type="java.lang.AssertionError" message="LOGIN POPUP not shown. URL: https://www.ixigo.com/trains/12610/seat-availability">
      <![CDATA[java.lang.AssertionError: LOGIN POPUP not shown. URL: https://www.ixigo.com/trains/12610/seat-availability
at com.ixigo.testing.stepdefinition.CommonSteps.runFullPostBookFlow(CommonSteps.java:132)
at com.ixigo.testing.stepdefinition.CommonSteps.verify_login_popup(CommonSteps.java:54)
at ✽.User should see login popup(file:///C:/Users/Our_Power/IxigoFinalCopy/ixigo/src/test/java/com/ixigo/testing/featurefile/trainName.feature:13)
... Removed 1 stack frames]]>
    </failure>
  </testcase> <!-- runScenario -->
  <testcase classname="io.cucumber.testng.AbstractTestNGCucumberTests" name="runScenario" time="129.937"/>
</testsuite> <!-- IxigoTests -->
