<?xml version="1.0" encoding="UTF-8"?>
<!-- Generated by org.testng.reporters.JUnitXMLReporter -->
<testsuite ignored="0" hostname="TheVision" failures="3" tests="6" name="IxigoTests" time="544.444" errors="0" timestamp="2026-04-27T07:44:38 IST">
  <testcase classname="io.cucumber.testng.AbstractTestNGCucumberTests" name="runScenario" time="88.898"/>
  <testcase classname="io.cucumber.testng.AbstractTestNGCucumberTests" name="runScenario" time="229.087"/>
  <testcase classname="io.cucumber.testng.AbstractTestNGCucumberTests" name="runScenario" time="230.18">
    <failure type="java.lang.AssertionError" message="LOGIN POPUP not shown. URL: https://www.ixigo.com/trains/12510/seat-availability">
      <![CDATA[java.lang.AssertionError: LOGIN POPUP not shown. URL: https://www.ixigo.com/trains/12510/seat-availability
at com.ixigo.testing.stepdefinition.CommonSteps.runFullPostBookFlow(CommonSteps.java:132)
at com.ixigo.testing.stepdefinition.CommonSteps.verify_login_popup(CommonSteps.java:54)
at ✽.User should see login popup(file:///C:/Users/Our_Power/IxigoFinalCopy/ixigo/src/test/java/com/ixigo/testing/featurefile/station.feature:11)
... Removed 1 stack frames]]>
    </failure>
  </testcase> <!-- runScenario -->
  <testcase classname="io.cucumber.testng.AbstractTestNGCucumberTests" name="runScenario" time="281.923">
    <failure type="java.lang.AssertionError" message="LOGIN POPUP not shown. URL: https://www.ixigo.com/search/result/train/MS/KKDI/30052026//1/0/0/0/all">
      <![CDATA[java.lang.AssertionError: LOGIN POPUP not shown. URL: https://www.ixigo.com/search/result/train/MS/KKDI/30052026//1/0/0/0/all
at com.ixigo.testing.stepdefinition.CommonSteps.runFullPostBookFlow(CommonSteps.java:132)
at com.ixigo.testing.stepdefinition.CommonSteps.verify_login_popup(CommonSteps.java:54)
at ✽.User should see login popup(file:///C:/Users/Our_Power/IxigoFinalCopy/ixigo/src/test/java/com/ixigo/testing/featurefile/platform.feature:9)
... Removed 1 stack frames]]>
    </failure>
  </testcase> <!-- runScenario -->
  <testcase classname="io.cucumber.testng.AbstractTestNGCucumberTests" name="runScenario" time="475.373"/>
  <testcase classname="io.cucumber.testng.AbstractTestNGCucumberTests" name="runScenario" time="542.527">
    <failure type="java.lang.AssertionError" message="Payment page (Contact Details) not shown. URL: https://www.ixigo.com/trains/12610/seat-availability">
      <![CDATA[java.lang.AssertionError: Payment page (Contact Details) not shown. URL: https://www.ixigo.com/trains/12610/seat-availability
at com.ixigo.testing.stepdefinition.CommonSteps.handlePassengerAndPayment(CommonSteps.java:166)
at com.ixigo.testing.stepdefinition.CommonSteps.runFullPostBookFlow(CommonSteps.java:126)
at com.ixigo.testing.stepdefinition.CommonSteps.verify_login_popup(CommonSteps.java:54)
at ✽.User should see login popup(file:///C:/Users/Our_Power/IxigoFinalCopy/ixigo/src/test/java/com/ixigo/testing/featurefile/trainName.feature:13)
... Removed 1 stack frames]]>
    </failure>
  </testcase> <!-- runScenario -->
</testsuite> <!-- IxigoTests -->
