<?xml version="1.0" encoding="UTF-8"?>
<!-- Generated by org.testng.reporters.JUnitReportReporter -->
<testsuite hostname="TheVision" failures="0" tests="7" name="com.ixigo.testing.runner.RunnerIxigo" time="153.766" errors="6" timestamp="2026-04-16T11:35:10 IST" skipped="0">
  <testcase classname="com.ixigo.testing.runner.RunnerIxigo" name="runScenario" time="24.326">
    <error message="Expected condition failed: waiting for element to be clickable: By.xpath: //a[contains(@href,&#039;train-search&#039;)] | //div[contains(@class,&#039;sc-&#039;) and .//*[contains(text(),&#039;Name&#039;) or contains(text(),&#039;Number&#039;)]] | //a[contains(text(),&#039;Train Name&#039;)] | //span[contains(text(),&#039;Name/Number&#039;)] | //li[contains(text(),&#039;Search by Name&#039;)] (tried for 20 second(s) with 500 milliseconds interval)
Build info: version: &#039;4.18.1&#039;, revision: &#039;b1d3319b48&#039;
System info: os.name: &#039;Windows 11&#039;, os.arch: &#039;amd64&#039;, os.version: &#039;10.0&#039;, java.version: &#039;20.0.2&#039;
Driver info: org.openqa.selenium.chrome.ChromeDriver
Capabilities {acceptInsecureCerts: false, browserName: chrome, browserVersion: 147.0.7727.56, chrome: {chromedriverVersion: 147.0.7727.57 (b4f28b5637d0..., userDataDir: C:\Users\Our_Power\AppData\...}, fedcm:accounts: true, goog:chromeOptions: {debuggerAddress: localhost:64299}, goog:processID: 13136, networkConnectionEnabled: false, pageLoadStrategy: normal, platformName: windows, proxy: Proxy(), se:cdp: ws://localhost:64299/devtoo..., se:cdpVersion: 147.0.7727.56, setWindowRect: true, strictFileInteractability: false, timeouts: {implicit: 0, pageLoad: 300000, script: 30000}, unhandledPromptBehavior: dismiss and notify, webauthn:extension:credBlob: true, webauthn:extension:largeBlob: true, webauthn:extension:minPinLength: true, webauthn:extension:prf: true, webauthn:virtualAuthenticators: true}
Session ID: 2ec5333bf4c744c823b70364d982606e" type="org.openqa.selenium.TimeoutException">
      <![CDATA[org.openqa.selenium.TimeoutException: Expected condition failed: waiting for element to be clickable: By.xpath: //a[contains(@href,'train-search')] | //div[contains(@class,'sc-') and .//*[contains(text(),'Name') or contains(text(),'Number')]] | //a[contains(text(),'Train Name')] | //span[contains(text(),'Name/Number')] | //li[contains(text(),'Search by Name')] (tried for 20 second(s) with 500 milliseconds interval)
Build info: version: '4.18.1', revision: 'b1d3319b48'
System info: os.name: 'Windows 11', os.arch: 'amd64', os.version: '10.0', java.version: '20.0.2'
Driver info: org.openqa.selenium.chrome.ChromeDriver
Capabilities {acceptInsecureCerts: false, browserName: chrome, browserVersion: 147.0.7727.56, chrome: {chromedriverVersion: 147.0.7727.57 (b4f28b5637d0..., userDataDir: C:\Users\Our_Power\AppData\...}, fedcm:accounts: true, goog:chromeOptions: {debuggerAddress: localhost:64299}, goog:processID: 13136, networkConnectionEnabled: false, pageLoadStrategy: normal, platformName: windows, proxy: Proxy(), se:cdp: ws://localhost:64299/devtoo..., se:cdpVersion: 147.0.7727.56, setWindowRect: true, strictFileInteractability: false, timeouts: {implicit: 0, pageLoad: 300000, script: 30000}, unhandledPromptBehavior: dismiss and notify, webauthn:extension:credBlob: true, webauthn:extension:largeBlob: true, webauthn:extension:minPinLength: true, webauthn:extension:prf: true, webauthn:virtualAuthenticators: true}
Session ID: 2ec5333bf4c744c823b70364d982606e
at org.openqa.selenium.support.ui.WebDriverWait.timeoutException(WebDriverWait.java:84)
at org.openqa.selenium.support.ui.FluentWait.until(FluentWait.java:228)
at com.ixigo.testing.utilities.AllUtilityFunctions.waitForClickable(AllUtilityFunctions.java:39)
at com.ixigo.testing.utilities.AllUtilityFunctions.click(AllUtilityFunctions.java:48)
at com.ixigo.testing.pages.IxigoTrainsPage.searchTrainByName(IxigoTrainsPage.java:170)
at com.ixigo.testing.stepdefinitions.IxigoSteps.user_search_train_name(IxigoSteps.java:47)
at ✽.User searches train by name "12605"(file:///C:/Users/Our_Power/ixigo/ixigo/src/test/java/com/ixigo/testing/features/IxigoTrains.feature:8)
]]>
    </error>
  </testcase> <!-- runScenario -->
  <system-out/>
  <testcase classname="com.ixigo.testing.runner.RunnerIxigo" name="runScenario" time="24.334">
    <error message="Expected condition failed: waiting for element to be clickable: By.xpath: //a[contains(@href,&#039;trains-between-stations&#039;)] | //span[contains(text(),&#039;Station&#039;)] | //div[contains(text(),&#039;Search by Station&#039;)] (tried for 20 second(s) with 500 milliseconds interval)
Build info: version: &#039;4.18.1&#039;, revision: &#039;b1d3319b48&#039;
System info: os.name: &#039;Windows 11&#039;, os.arch: &#039;amd64&#039;, os.version: &#039;10.0&#039;, java.version: &#039;20.0.2&#039;
Driver info: org.openqa.selenium.chrome.ChromeDriver
Capabilities {acceptInsecureCerts: false, browserName: chrome, browserVersion: 147.0.7727.56, chrome: {chromedriverVersion: 147.0.7727.57 (b4f28b5637d0..., userDataDir: C:\Users\Our_Power\AppData\...}, fedcm:accounts: true, goog:chromeOptions: {debuggerAddress: localhost:54950}, goog:processID: 17244, networkConnectionEnabled: false, pageLoadStrategy: normal, platformName: windows, proxy: Proxy(), se:cdp: ws://localhost:54950/devtoo..., se:cdpVersion: 147.0.7727.56, setWindowRect: true, strictFileInteractability: false, timeouts: {implicit: 0, pageLoad: 300000, script: 30000}, unhandledPromptBehavior: dismiss and notify, webauthn:extension:credBlob: true, webauthn:extension:largeBlob: true, webauthn:extension:minPinLength: true, webauthn:extension:prf: true, webauthn:virtualAuthenticators: true}
Session ID: 8b957fa2e15b29afe8d60cc929b65cbe" type="org.openqa.selenium.TimeoutException">
      <![CDATA[org.openqa.selenium.TimeoutException: Expected condition failed: waiting for element to be clickable: By.xpath: //a[contains(@href,'trains-between-stations')] | //span[contains(text(),'Station')] | //div[contains(text(),'Search by Station')] (tried for 20 second(s) with 500 milliseconds interval)
Build info: version: '4.18.1', revision: 'b1d3319b48'
System info: os.name: 'Windows 11', os.arch: 'amd64', os.version: '10.0', java.version: '20.0.2'
Driver info: org.openqa.selenium.chrome.ChromeDriver
Capabilities {acceptInsecureCerts: false, browserName: chrome, browserVersion: 147.0.7727.56, chrome: {chromedriverVersion: 147.0.7727.57 (b4f28b5637d0..., userDataDir: C:\Users\Our_Power\AppData\...}, fedcm:accounts: true, goog:chromeOptions: {debuggerAddress: localhost:54950}, goog:processID: 17244, networkConnectionEnabled: false, pageLoadStrategy: normal, platformName: windows, proxy: Proxy(), se:cdp: ws://localhost:54950/devtoo..., se:cdpVersion: 147.0.7727.56, setWindowRect: true, strictFileInteractability: false, timeouts: {implicit: 0, pageLoad: 300000, script: 30000}, unhandledPromptBehavior: dismiss and notify, webauthn:extension:credBlob: true, webauthn:extension:largeBlob: true, webauthn:extension:minPinLength: true, webauthn:extension:prf: true, webauthn:virtualAuthenticators: true}
Session ID: 8b957fa2e15b29afe8d60cc929b65cbe
at org.openqa.selenium.support.ui.WebDriverWait.timeoutException(WebDriverWait.java:84)
at org.openqa.selenium.support.ui.FluentWait.until(FluentWait.java:228)
at com.ixigo.testing.utilities.AllUtilityFunctions.waitForClickable(AllUtilityFunctions.java:39)
at com.ixigo.testing.utilities.AllUtilityFunctions.click(AllUtilityFunctions.java:48)
at com.ixigo.testing.pages.IxigoTrainsPage.searchStation(IxigoTrainsPage.java:197)
at com.ixigo.testing.stepdefinitions.IxigoSteps.user_search_station(IxigoSteps.java:73)
at ✽.User searches station "Chennai"(file:///C:/Users/Our_Power/ixigo/ixigo/src/test/java/com/ixigo/testing/features/IxigoTrains.feature:20)
]]>
    </error>
  </testcase> <!-- runScenario -->
  <system-out/>
  <testcase classname="com.ixigo.testing.runner.RunnerIxigo" name="runScenario" time="24.378">
    <error message="Expected condition failed: waiting for visibility of element located by By.xpath: //input[contains(@placeholder,&#039;PNR&#039;)] | //input[contains(@placeholder,&#039;pnr&#039;)] (tried for 20 second(s) with 500 milliseconds interval)
Build info: version: &#039;4.18.1&#039;, revision: &#039;b1d3319b48&#039;
System info: os.name: &#039;Windows 11&#039;, os.arch: &#039;amd64&#039;, os.version: &#039;10.0&#039;, java.version: &#039;20.0.2&#039;
Driver info: org.openqa.selenium.chrome.ChromeDriver
Capabilities {acceptInsecureCerts: false, browserName: chrome, browserVersion: 147.0.7727.56, chrome: {chromedriverVersion: 147.0.7727.57 (b4f28b5637d0..., userDataDir: C:\Users\Our_Power\AppData\...}, fedcm:accounts: true, goog:chromeOptions: {debuggerAddress: localhost:65378}, goog:processID: 27052, networkConnectionEnabled: false, pageLoadStrategy: normal, platformName: windows, proxy: Proxy(), se:cdp: ws://localhost:65378/devtoo..., se:cdpVersion: 147.0.7727.56, setWindowRect: true, strictFileInteractability: false, timeouts: {implicit: 0, pageLoad: 300000, script: 30000}, unhandledPromptBehavior: dismiss and notify, webauthn:extension:credBlob: true, webauthn:extension:largeBlob: true, webauthn:extension:minPinLength: true, webauthn:extension:prf: true, webauthn:virtualAuthenticators: true}
Session ID: c141283948de5395ecc2b583a3a13160" type="org.openqa.selenium.TimeoutException">
      <![CDATA[org.openqa.selenium.TimeoutException: Expected condition failed: waiting for visibility of element located by By.xpath: //input[contains(@placeholder,'PNR')] | //input[contains(@placeholder,'pnr')] (tried for 20 second(s) with 500 milliseconds interval)
Build info: version: '4.18.1', revision: 'b1d3319b48'
System info: os.name: 'Windows 11', os.arch: 'amd64', os.version: '10.0', java.version: '20.0.2'
Driver info: org.openqa.selenium.chrome.ChromeDriver
Capabilities {acceptInsecureCerts: false, browserName: chrome, browserVersion: 147.0.7727.56, chrome: {chromedriverVersion: 147.0.7727.57 (b4f28b5637d0..., userDataDir: C:\Users\Our_Power\AppData\...}, fedcm:accounts: true, goog:chromeOptions: {debuggerAddress: localhost:65378}, goog:processID: 27052, networkConnectionEnabled: false, pageLoadStrategy: normal, platformName: windows, proxy: Proxy(), se:cdp: ws://localhost:65378/devtoo..., se:cdpVersion: 147.0.7727.56, setWindowRect: true, strictFileInteractability: false, timeouts: {implicit: 0, pageLoad: 300000, script: 30000}, unhandledPromptBehavior: dismiss and notify, webauthn:extension:credBlob: true, webauthn:extension:largeBlob: true, webauthn:extension:minPinLength: true, webauthn:extension:prf: true, webauthn:virtualAuthenticators: true}
Session ID: c141283948de5395ecc2b583a3a13160
at org.openqa.selenium.support.ui.WebDriverWait.timeoutException(WebDriverWait.java:84)
at org.openqa.selenium.support.ui.FluentWait.until(FluentWait.java:228)
at com.ixigo.testing.utilities.AllUtilityFunctions.waitForVisibility(AllUtilityFunctions.java:34)
at com.ixigo.testing.utilities.AllUtilityFunctions.sendKeys(AllUtilityFunctions.java:59)
at com.ixigo.testing.pages.IxigoTrainsPage.searchFoodByPNR(IxigoTrainsPage.java:231)
at com.ixigo.testing.stepdefinitions.IxigoSteps.user_enters_pnr(IxigoSteps.java:94)
at ✽.User enters PNR "1234567890" for food delivery(file:///C:/Users/Our_Power/ixigo/ixigo/src/test/java/com/ixigo/testing/features/IxigoTrains.feature:37)
]]>
    </error>
  </testcase> <!-- runScenario -->
  <system-out/>
  <testcase classname="com.ixigo.testing.runner.RunnerIxigo" name="runScenario" time="24.592">
    <error message="Expected condition failed: waiting for element to be clickable: By.xpath: (//input[@placeholder=&#039;From&#039; or contains(@placeholder,&#039;From&#039;)])[1] (tried for 20 second(s) with 500 milliseconds interval)
Build info: version: &#039;4.18.1&#039;, revision: &#039;b1d3319b48&#039;
System info: os.name: &#039;Windows 11&#039;, os.arch: &#039;amd64&#039;, os.version: &#039;10.0&#039;, java.version: &#039;20.0.2&#039;
Driver info: org.openqa.selenium.chrome.ChromeDriver
Capabilities {acceptInsecureCerts: false, browserName: chrome, browserVersion: 147.0.7727.56, chrome: {chromedriverVersion: 147.0.7727.57 (b4f28b5637d0..., userDataDir: C:\Users\Our_Power\AppData\...}, fedcm:accounts: true, goog:chromeOptions: {debuggerAddress: localhost:52890}, goog:processID: 1508, networkConnectionEnabled: false, pageLoadStrategy: normal, platformName: windows, proxy: Proxy(), se:cdp: ws://localhost:52890/devtoo..., se:cdpVersion: 147.0.7727.56, setWindowRect: true, strictFileInteractability: false, timeouts: {implicit: 0, pageLoad: 300000, script: 30000}, unhandledPromptBehavior: dismiss and notify, webauthn:extension:credBlob: true, webauthn:extension:largeBlob: true, webauthn:extension:minPinLength: true, webauthn:extension:prf: true, webauthn:virtualAuthenticators: true}
Session ID: 780393896a93195763832397c78962dd" type="org.openqa.selenium.TimeoutException">
      <![CDATA[org.openqa.selenium.TimeoutException: Expected condition failed: waiting for element to be clickable: By.xpath: (//input[@placeholder='From' or contains(@placeholder,'From')])[1] (tried for 20 second(s) with 500 milliseconds interval)
Build info: version: '4.18.1', revision: 'b1d3319b48'
System info: os.name: 'Windows 11', os.arch: 'amd64', os.version: '10.0', java.version: '20.0.2'
Driver info: org.openqa.selenium.chrome.ChromeDriver
Capabilities {acceptInsecureCerts: false, browserName: chrome, browserVersion: 147.0.7727.56, chrome: {chromedriverVersion: 147.0.7727.57 (b4f28b5637d0..., userDataDir: C:\Users\Our_Power\AppData\...}, fedcm:accounts: true, goog:chromeOptions: {debuggerAddress: localhost:52890}, goog:processID: 1508, networkConnectionEnabled: false, pageLoadStrategy: normal, platformName: windows, proxy: Proxy(), se:cdp: ws://localhost:52890/devtoo..., se:cdpVersion: 147.0.7727.56, setWindowRect: true, strictFileInteractability: false, timeouts: {implicit: 0, pageLoad: 300000, script: 30000}, unhandledPromptBehavior: dismiss and notify, webauthn:extension:credBlob: true, webauthn:extension:largeBlob: true, webauthn:extension:minPinLength: true, webauthn:extension:prf: true, webauthn:virtualAuthenticators: true}
Session ID: 780393896a93195763832397c78962dd
at org.openqa.selenium.support.ui.WebDriverWait.timeoutException(WebDriverWait.java:84)
at org.openqa.selenium.support.ui.FluentWait.until(FluentWait.java:228)
at com.ixigo.testing.utilities.AllUtilityFunctions.waitForClickable(AllUtilityFunctions.java:39)
at com.ixigo.testing.utilities.AllUtilityFunctions.click(AllUtilityFunctions.java:48)
at com.ixigo.testing.pages.IxigoTrainsPage.enterVandeBharatCities(IxigoTrainsPage.java:220)
at com.ixigo.testing.stepdefinitions.IxigoSteps.user_enters_cities(IxigoSteps.java:35)
at ✽.User enters from city "Chennai" and to city "Bangalore"(file:///C:/Users/Our_Power/ixigo/ixigo/src/test/java/com/ixigo/testing/features/IxigoTrains.feature:31)
]]>
    </error>
  </testcase> <!-- runScenario -->
  <system-out/>
  <testcase classname="com.ixigo.testing.runner.RunnerIxigo" name="runScenario" time="5.948"/>
  <system-out/>
  <testcase classname="com.ixigo.testing.runner.RunnerIxigo" name="runScenario" time="25.674">
    <error message="Expected condition failed: waiting for element to be clickable: By.xpath: //a[contains(@href,&#039;train-search&#039;)] | //div[contains(@class,&#039;sc-&#039;) and .//*[contains(text(),&#039;Name&#039;) or contains(text(),&#039;Number&#039;)]] | //a[contains(text(),&#039;Train Name&#039;)] | //span[contains(text(),&#039;Name/Number&#039;)] | //li[contains(text(),&#039;Search by Name&#039;)] (tried for 20 second(s) with 500 milliseconds interval)
Build info: version: &#039;4.18.1&#039;, revision: &#039;b1d3319b48&#039;
System info: os.name: &#039;Windows 11&#039;, os.arch: &#039;amd64&#039;, os.version: &#039;10.0&#039;, java.version: &#039;20.0.2&#039;
Driver info: org.openqa.selenium.chrome.ChromeDriver
Capabilities {acceptInsecureCerts: false, browserName: chrome, browserVersion: 147.0.7727.56, chrome: {chromedriverVersion: 147.0.7727.57 (b4f28b5637d0..., userDataDir: C:\Users\Our_Power\AppData\...}, fedcm:accounts: true, goog:chromeOptions: {debuggerAddress: localhost:57400}, goog:processID: 19840, networkConnectionEnabled: false, pageLoadStrategy: normal, platformName: windows, proxy: Proxy(), se:cdp: ws://localhost:57400/devtoo..., se:cdpVersion: 147.0.7727.56, setWindowRect: true, strictFileInteractability: false, timeouts: {implicit: 0, pageLoad: 300000, script: 30000}, unhandledPromptBehavior: dismiss and notify, webauthn:extension:credBlob: true, webauthn:extension:largeBlob: true, webauthn:extension:minPinLength: true, webauthn:extension:prf: true, webauthn:virtualAuthenticators: true}
Session ID: f57caf61f030a63cd7afb5f0bb9fafe9" type="org.openqa.selenium.TimeoutException">
      <![CDATA[org.openqa.selenium.TimeoutException: Expected condition failed: waiting for element to be clickable: By.xpath: //a[contains(@href,'train-search')] | //div[contains(@class,'sc-') and .//*[contains(text(),'Name') or contains(text(),'Number')]] | //a[contains(text(),'Train Name')] | //span[contains(text(),'Name/Number')] | //li[contains(text(),'Search by Name')] (tried for 20 second(s) with 500 milliseconds interval)
Build info: version: '4.18.1', revision: 'b1d3319b48'
System info: os.name: 'Windows 11', os.arch: 'amd64', os.version: '10.0', java.version: '20.0.2'
Driver info: org.openqa.selenium.chrome.ChromeDriver
Capabilities {acceptInsecureCerts: false, browserName: chrome, browserVersion: 147.0.7727.56, chrome: {chromedriverVersion: 147.0.7727.57 (b4f28b5637d0..., userDataDir: C:\Users\Our_Power\AppData\...}, fedcm:accounts: true, goog:chromeOptions: {debuggerAddress: localhost:57400}, goog:processID: 19840, networkConnectionEnabled: false, pageLoadStrategy: normal, platformName: windows, proxy: Proxy(), se:cdp: ws://localhost:57400/devtoo..., se:cdpVersion: 147.0.7727.56, setWindowRect: true, strictFileInteractability: false, timeouts: {implicit: 0, pageLoad: 300000, script: 30000}, unhandledPromptBehavior: dismiss and notify, webauthn:extension:credBlob: true, webauthn:extension:largeBlob: true, webauthn:extension:minPinLength: true, webauthn:extension:prf: true, webauthn:virtualAuthenticators: true}
Session ID: f57caf61f030a63cd7afb5f0bb9fafe9
at org.openqa.selenium.support.ui.WebDriverWait.timeoutException(WebDriverWait.java:84)
at org.openqa.selenium.support.ui.FluentWait.until(FluentWait.java:228)
at com.ixigo.testing.utilities.AllUtilityFunctions.waitForClickable(AllUtilityFunctions.java:39)
at com.ixigo.testing.utilities.AllUtilityFunctions.click(AllUtilityFunctions.java:48)
at com.ixigo.testing.pages.IxigoTrainsPage.searchTrainByName(IxigoTrainsPage.java:170)
at com.ixigo.testing.stepdefinitions.IxigoSteps.user_search_train_name(IxigoSteps.java:47)
at ✽.User searches train by name "Pallavan Express"(file:///C:/Users/Our_Power/ixigo/ixigo/src/test/java/com/ixigo/testing/features/IxigoTrains.feature:8)
]]>
    </error>
  </testcase> <!-- runScenario -->
  <system-out/>
  <testcase classname="com.ixigo.testing.runner.RunnerIxigo" name="runScenario" time="24.514">
    <error message="Expected condition failed: waiting for element to be clickable: By.xpath: //a[contains(@href,&#039;train-search&#039;)] | //div[contains(@class,&#039;sc-&#039;) and .//*[contains(text(),&#039;Name&#039;) or contains(text(),&#039;Number&#039;)]] | //a[contains(text(),&#039;Train Name&#039;)] | //span[contains(text(),&#039;Name/Number&#039;)] | //li[contains(text(),&#039;Search by Name&#039;)] (tried for 20 second(s) with 500 milliseconds interval)
Build info: version: &#039;4.18.1&#039;, revision: &#039;b1d3319b48&#039;
System info: os.name: &#039;Windows 11&#039;, os.arch: &#039;amd64&#039;, os.version: &#039;10.0&#039;, java.version: &#039;20.0.2&#039;
Driver info: org.openqa.selenium.chrome.ChromeDriver
Capabilities {acceptInsecureCerts: false, browserName: chrome, browserVersion: 147.0.7727.56, chrome: {chromedriverVersion: 147.0.7727.57 (b4f28b5637d0..., userDataDir: C:\Users\Our_Power\AppData\...}, fedcm:accounts: true, goog:chromeOptions: {debuggerAddress: localhost:61720}, goog:processID: 13496, networkConnectionEnabled: false, pageLoadStrategy: normal, platformName: windows, proxy: Proxy(), se:cdp: ws://localhost:61720/devtoo..., se:cdpVersion: 147.0.7727.56, setWindowRect: true, strictFileInteractability: false, timeouts: {implicit: 0, pageLoad: 300000, script: 30000}, unhandledPromptBehavior: dismiss and notify, webauthn:extension:credBlob: true, webauthn:extension:largeBlob: true, webauthn:extension:minPinLength: true, webauthn:extension:prf: true, webauthn:virtualAuthenticators: true}
Session ID: b63c48e304f9f1880224711272e1e1ca" type="org.openqa.selenium.TimeoutException">
      <![CDATA[org.openqa.selenium.TimeoutException: Expected condition failed: waiting for element to be clickable: By.xpath: //a[contains(@href,'train-search')] | //div[contains(@class,'sc-') and .//*[contains(text(),'Name') or contains(text(),'Number')]] | //a[contains(text(),'Train Name')] | //span[contains(text(),'Name/Number')] | //li[contains(text(),'Search by Name')] (tried for 20 second(s) with 500 milliseconds interval)
Build info: version: '4.18.1', revision: 'b1d3319b48'
System info: os.name: 'Windows 11', os.arch: 'amd64', os.version: '10.0', java.version: '20.0.2'
Driver info: org.openqa.selenium.chrome.ChromeDriver
Capabilities {acceptInsecureCerts: false, browserName: chrome, browserVersion: 147.0.7727.56, chrome: {chromedriverVersion: 147.0.7727.57 (b4f28b5637d0..., userDataDir: C:\Users\Our_Power\AppData\...}, fedcm:accounts: true, goog:chromeOptions: {debuggerAddress: localhost:61720}, goog:processID: 13496, networkConnectionEnabled: false, pageLoadStrategy: normal, platformName: windows, proxy: Proxy(), se:cdp: ws://localhost:61720/devtoo..., se:cdpVersion: 147.0.7727.56, setWindowRect: true, strictFileInteractability: false, timeouts: {implicit: 0, pageLoad: 300000, script: 30000}, unhandledPromptBehavior: dismiss and notify, webauthn:extension:credBlob: true, webauthn:extension:largeBlob: true, webauthn:extension:minPinLength: true, webauthn:extension:prf: true, webauthn:virtualAuthenticators: true}
Session ID: b63c48e304f9f1880224711272e1e1ca
at org.openqa.selenium.support.ui.WebDriverWait.timeoutException(WebDriverWait.java:84)
at org.openqa.selenium.support.ui.FluentWait.until(FluentWait.java:228)
at com.ixigo.testing.utilities.AllUtilityFunctions.waitForClickable(AllUtilityFunctions.java:39)
at com.ixigo.testing.utilities.AllUtilityFunctions.click(AllUtilityFunctions.java:48)
at com.ixigo.testing.pages.IxigoTrainsPage.searchTrainByName(IxigoTrainsPage.java:170)
at com.ixigo.testing.stepdefinitions.IxigoSteps.user_search_train_name(IxigoSteps.java:47)
at ✽.User searches train by name "12605"(file:///C:/Users/Our_Power/ixigo/ixigo/src/test/java/com/ixigo/testing/features/IxigoTrains.feature:42)
]]>
    </error>
  </testcase> <!-- runScenario -->
  <system-out/>
</testsuite> <!-- com.ixigo.testing.runner.RunnerIxigo -->
