<?xml version="1.0" encoding="UTF-8"?>
<!-- Generated by org.testng.reporters.JUnitReportReporter -->
<testsuite hostname="TheVision" failures="1" tests="2" name="com.ixigo.testing.runner.RunnerStation" time="73.458" errors="1" timestamp="2026-04-16T14:44:43 IST" skipped="0">
  <testcase classname="com.ixigo.testing.runner.RunnerStation" name="runScenario" time="41.023">
    <failure message="Payment page not displayed expected [true] but found [false]" type="java.lang.AssertionError">
      <![CDATA[java.lang.AssertionError: Payment page not displayed expected [true] but found [false]
at org.testng.Assert.fail(Assert.java:110)
at org.testng.Assert.failNotEquals(Assert.java:1413)
at org.testng.Assert.assertTrue(Assert.java:56)
at com.ixigo.testing.stepdefinitions.StationSteps.verify_payment_station(StationSteps.java:52)
at ✽.User should reach payment page from station module(file:///C:/Users/Our_Power/ixigo/ixigo/src/test/java/com/ixigo/testing/features/station.feature:9)
]]>
    </failure>
  </testcase> <!-- runScenario -->
  <system-out/>
  <testcase classname="com.ixigo.testing.runner.RunnerStation" name="runScenario" time="32.435">
    <error message="Expected condition failed: waiting for element to be clickable: By.xpath: //a[contains(text(),&#039;Book Now&#039;)] (tried for 20 second(s) with 500 milliseconds interval)
Build info: version: &#039;4.18.1&#039;, revision: &#039;b1d3319b48&#039;
System info: os.name: &#039;Windows 11&#039;, os.arch: &#039;amd64&#039;, os.version: &#039;10.0&#039;, java.version: &#039;20.0.2&#039;
Driver info: org.openqa.selenium.chrome.ChromeDriver
Capabilities {acceptInsecureCerts: false, browserName: chrome, browserVersion: 147.0.7727.56, chrome: {chromedriverVersion: 147.0.7727.57 (b4f28b5637d0..., userDataDir: C:\Users\Our_Power\AppData\...}, fedcm:accounts: true, goog:chromeOptions: {debuggerAddress: localhost:57383}, goog:processID: 30792, networkConnectionEnabled: false, pageLoadStrategy: normal, platformName: windows, proxy: Proxy(), se:cdp: ws://localhost:57383/devtoo..., se:cdpVersion: 147.0.7727.56, setWindowRect: true, strictFileInteractability: false, timeouts: {implicit: 0, pageLoad: 300000, script: 30000}, unhandledPromptBehavior: dismiss and notify, webauthn:extension:credBlob: true, webauthn:extension:largeBlob: true, webauthn:extension:minPinLength: true, webauthn:extension:prf: true, webauthn:virtualAuthenticators: true}
Session ID: 879cac4f417bb24e57bde9d71880775f" type="org.openqa.selenium.TimeoutException">
      <![CDATA[org.openqa.selenium.TimeoutException: Expected condition failed: waiting for element to be clickable: By.xpath: //a[contains(text(),'Book Now')] (tried for 20 second(s) with 500 milliseconds interval)
Build info: version: '4.18.1', revision: 'b1d3319b48'
System info: os.name: 'Windows 11', os.arch: 'amd64', os.version: '10.0', java.version: '20.0.2'
Driver info: org.openqa.selenium.chrome.ChromeDriver
Capabilities {acceptInsecureCerts: false, browserName: chrome, browserVersion: 147.0.7727.56, chrome: {chromedriverVersion: 147.0.7727.57 (b4f28b5637d0..., userDataDir: C:\Users\Our_Power\AppData\...}, fedcm:accounts: true, goog:chromeOptions: {debuggerAddress: localhost:57383}, goog:processID: 30792, networkConnectionEnabled: false, pageLoadStrategy: normal, platformName: windows, proxy: Proxy(), se:cdp: ws://localhost:57383/devtoo..., se:cdpVersion: 147.0.7727.56, setWindowRect: true, strictFileInteractability: false, timeouts: {implicit: 0, pageLoad: 300000, script: 30000}, unhandledPromptBehavior: dismiss and notify, webauthn:extension:credBlob: true, webauthn:extension:largeBlob: true, webauthn:extension:minPinLength: true, webauthn:extension:prf: true, webauthn:virtualAuthenticators: true}
Session ID: 879cac4f417bb24e57bde9d71880775f
at org.openqa.selenium.support.ui.WebDriverWait.timeoutException(WebDriverWait.java:84)
at org.openqa.selenium.support.ui.FluentWait.until(FluentWait.java:228)
at com.ixigo.testing.utilities.AllUtilityFunctions.waitForClickable(AllUtilityFunctions.java:39)
at com.ixigo.testing.utilities.AllUtilityFunctions.click(AllUtilityFunctions.java:48)
at com.ixigo.testing.pages.IxigoStationPage.clickBookNow(IxigoStationPage.java:64)
at com.ixigo.testing.stepdefinitions.StationSteps.user_clicks_book_now(StationSteps.java:40)
at ✽.User clicks Book Now and proceeds(file:///C:/Users/Our_Power/ixigo/ixigo/src/test/java/com/ixigo/testing/features/station.feature:7)
]]>
    </error>
  </testcase> <!-- runScenario -->
  <system-out/>
</testsuite> <!-- com.ixigo.testing.runner.RunnerStation -->
