<?xml version="1.0" encoding="UTF-8"?>
<!-- Generated by org.testng.reporters.JUnitReportReporter -->
<testsuite hostname="TheVision" failures="2" tests="6" name="com.ixigo.testing.testrunner.RunnerIO" time="624.008" errors="0" timestamp="2026-04-27T08:48:27 IST" skipped="0">
  <testcase classname="com.ixigo.testing.testrunner.RunnerIO" name="runScenario" time="78.433"/>
  <system-out/>
  <testcase classname="com.ixigo.testing.testrunner.RunnerIO" name="runScenario" time="129.390">
    <failure message="LOGIN POPUP not shown. URL: https://www.ixigo.com/trains/12610/seat-availability" type="java.lang.AssertionError">
      <![CDATA[java.lang.AssertionError: LOGIN POPUP not shown. URL: https://www.ixigo.com/trains/12610/seat-availability
at org.testng.Assert.fail(Assert.java:110)
at com.ixigo.testing.stepdefinition.CommonSteps.runFullPostBookFlow(CommonSteps.java:132)
at com.ixigo.testing.stepdefinition.CommonSteps.verify_login_popup(CommonSteps.java:54)
at ✽.User should see login popup(file:///C:/Users/Our_Power/IxigoFinalCopy/ixigo/src/test/java/com/ixigo/testing/featurefile/trainName.feature:13)
]]>
    </failure>
  </testcase> <!-- runScenario -->
  <system-out/>
  <testcase classname="com.ixigo.testing.testrunner.RunnerIO" name="runScenario" time="109.727"/>
  <system-out/>
  <testcase classname="com.ixigo.testing.testrunner.RunnerIO" name="runScenario" time="127.343">
    <failure message="LOGIN POPUP not shown. URL: https://www.ixigo.com/search/result/train/MS/KKDI/30052026//1/0/0/0/all" type="java.lang.AssertionError">
      <![CDATA[java.lang.AssertionError: LOGIN POPUP not shown. URL: https://www.ixigo.com/search/result/train/MS/KKDI/30052026//1/0/0/0/all
at org.testng.Assert.fail(Assert.java:110)
at com.ixigo.testing.stepdefinition.CommonSteps.runFullPostBookFlow(CommonSteps.java:132)
at com.ixigo.testing.stepdefinition.CommonSteps.verify_login_popup(CommonSteps.java:54)
at ✽.User should see login popup(file:///C:/Users/Our_Power/IxigoFinalCopy/ixigo/src/test/java/com/ixigo/testing/featurefile/platform.feature:9)
]]>
    </failure>
  </testcase> <!-- runScenario -->
  <system-out/>
  <testcase classname="com.ixigo.testing.testrunner.RunnerIO" name="runScenario" time="49.178"/>
  <system-out/>
  <testcase classname="com.ixigo.testing.testrunner.RunnerIO" name="runScenario" time="129.937"/>
  <system-out/>
</testsuite> <!-- com.ixigo.testing.testrunner.RunnerIO -->
