<?xml version="1.0" encoding="UTF-8"?>
<!-- Generated by org.testng.reporters.JUnitReportReporter -->
<testsuite hostname="TheVision" failures="0" tests="6" name="com.ixigo.testing.testrunner.RunnerIO" time="471.085" errors="0" timestamp="2026-04-28T08:52:16 IST" skipped="0">
  <testcase classname="com.ixigo.testing.testrunner.RunnerIO" name="runScenario" time="108.816"/>
  <system-out/>
  <testcase classname="com.ixigo.testing.testrunner.RunnerIO" name="runScenario" time="44.046"/>
  <system-out/>
  <testcase classname="com.ixigo.testing.testrunner.RunnerIO" name="runScenario" time="81.262"/>
  <system-out/>
  <testcase classname="com.ixigo.testing.testrunner.RunnerIO" name="runScenario" time="84.988"/>
  <system-out/>
  <testcase classname="com.ixigo.testing.testrunner.RunnerIO" name="runScenario" time="70.467"/>
  <system-out/>
  <testcase classname="com.ixigo.testing.testrunner.RunnerIO" name="runScenario" time="81.506"/>
  <system-out/>
</testsuite> <!-- com.ixigo.testing.testrunner.RunnerIO -->
