<?xml version="1.0" encoding="UTF-8"?>
<!-- Generated by org.testng.reporters.JUnitReportReporter -->
<testsuite hostname="TheVision" failures="0" tests="2" name="com.ixigo.testing.runner.RunnerStation" time="65.122" errors="1" timestamp="2026-04-17T11:46:21 IST" skipped="0">
  <testcase classname="com.ixigo.testing.runner.RunnerStation" name="runScenario" time="40.243">
    <error message="Expected condition failed: waiting for element to be clickable: By.xpath: //div[contains(@class,&#039;green&#039;)] (tried for 20 second(s) with 500 milliseconds interval)
Build info: version: &#039;4.18.1&#039;, revision: &#039;b1d3319b48&#039;
System info: os.name: &#039;Windows 11&#039;, os.arch: &#039;amd64&#039;, os.version: &#039;10.0&#039;, java.version: &#039;20.0.2&#039;
Driver info: org.openqa.selenium.chrome.ChromeDriver
Capabilities {acceptInsecureCerts: false, browserName: chrome, browserVersion: 147.0.7727.101, chrome: {chromedriverVersion: 147.0.7727.57 (b4f28b5637d0..., userDataDir: C:\Users\Our_Power\AppData\...}, fedcm:accounts: true, goog:chromeOptions: {debuggerAddress: localhost:59821}, goog:processID: 12232, networkConnectionEnabled: false, pageLoadStrategy: normal, platformName: windows, proxy: Proxy(), se:cdp: ws://localhost:59821/devtoo..., se:cdpVersion: 147.0.7727.101, setWindowRect: true, strictFileInteractability: false, timeouts: {implicit: 0, pageLoad: 300000, script: 30000}, unhandledPromptBehavior: dismiss and notify, webauthn:extension:credBlob: true, webauthn:extension:largeBlob: true, webauthn:extension:minPinLength: true, webauthn:extension:prf: true, webauthn:virtualAuthenticators: true}
Session ID: e1940df889e92a04843e6a690a03f64c" type="org.openqa.selenium.TimeoutException">
      <![CDATA[org.openqa.selenium.TimeoutException: Expected condition failed: waiting for element to be clickable: By.xpath: //div[contains(@class,'green')] (tried for 20 second(s) with 500 milliseconds interval)
Build info: version: '4.18.1', revision: 'b1d3319b48'
System info: os.name: 'Windows 11', os.arch: 'amd64', os.version: '10.0', java.version: '20.0.2'
Driver info: org.openqa.selenium.chrome.ChromeDriver
Capabilities {acceptInsecureCerts: false, browserName: chrome, browserVersion: 147.0.7727.101, chrome: {chromedriverVersion: 147.0.7727.57 (b4f28b5637d0..., userDataDir: C:\Users\Our_Power\AppData\...}, fedcm:accounts: true, goog:chromeOptions: {debuggerAddress: localhost:59821}, goog:processID: 12232, networkConnectionEnabled: false, pageLoadStrategy: normal, platformName: windows, proxy: Proxy(), se:cdp: ws://localhost:59821/devtoo..., se:cdpVersion: 147.0.7727.101, setWindowRect: true, strictFileInteractability: false, timeouts: {implicit: 0, pageLoad: 300000, script: 30000}, unhandledPromptBehavior: dismiss and notify, webauthn:extension:credBlob: true, webauthn:extension:largeBlob: true, webauthn:extension:minPinLength: true, webauthn:extension:prf: true, webauthn:virtualAuthenticators: true}
Session ID: e1940df889e92a04843e6a690a03f64c
at org.openqa.selenium.support.ui.WebDriverWait.timeoutException(WebDriverWait.java:84)
at org.openqa.selenium.support.ui.FluentWait.until(FluentWait.java:228)
at com.ixigo.testing.utilities.AllUtilityFunctions.waitForClickable(AllUtilityFunctions.java:38)
at com.ixigo.testing.utilities.AllUtilityFunctions.click(AllUtilityFunctions.java:47)
at com.ixigo.testing.pages.IxigoStationPage.selectDate(IxigoStationPage.java:98)
at com.ixigo.testing.stepdefinitions.StationSteps.user_selects_date_and_books(StationSteps.java:47)
at ✽.User selects available date and books(file:///C:/Users/Our_Power/ixigo/ixigo/src/test/java/com/ixigo/testing/features/station.feature:8)
]]>
    </error>
  </testcase> <!-- runScenario -->
  <system-out/>
  <testcase classname="com.ixigo.testing.runner.RunnerStation" name="runScenario" time="24.879"/>
  <system-out/>
</testsuite> <!-- com.ixigo.testing.runner.RunnerStation -->
