<?xml version="1.0" encoding="UTF-8"?>
<!-- Generated by org.testng.reporters.JUnitReportReporter -->
<testsuite hostname="TheVision" failures="2" tests="2" name="com.ixigo.testing.runner.RunnerTrainName" time="88.077" errors="0" timestamp="2026-04-16T14:26:42 IST" skipped="0">
  <testcase classname="com.ixigo.testing.runner.RunnerTrainName" name="runScenario" time="41.391">
    <failure message="Payment page not displayed expected [true] but found [false]" type="java.lang.AssertionError">
      <![CDATA[java.lang.AssertionError: Payment page not displayed expected [true] but found [false]
at org.testng.Assert.fail(Assert.java:110)
at org.testng.Assert.failNotEquals(Assert.java:1413)
at org.testng.Assert.assertTrue(Assert.java:56)
at com.ixigo.testing.stepdefinitions.TrainNameSteps.verify_payment_page(TrainNameSteps.java:53)
at ✽.User should reach payment page(file:///C:/Users/Our_Power/ixigo/ixigo/src/test/java/com/ixigo/testing/features/trainName.feature:9)
]]>
    </failure>
  </testcase> <!-- runScenario -->
  <system-out/>
  <testcase classname="com.ixigo.testing.runner.RunnerTrainName" name="runScenario" time="46.686">
    <failure message="Payment page not displayed expected [true] but found [false]" type="java.lang.AssertionError">
      <![CDATA[java.lang.AssertionError: Payment page not displayed expected [true] but found [false]
at org.testng.Assert.fail(Assert.java:110)
at org.testng.Assert.failNotEquals(Assert.java:1413)
at org.testng.Assert.assertTrue(Assert.java:56)
at com.ixigo.testing.stepdefinitions.TrainNameSteps.verify_payment_page(TrainNameSteps.java:53)
at ✽.User should reach payment page(file:///C:/Users/Our_Power/ixigo/ixigo/src/test/java/com/ixigo/testing/features/trainName.feature:9)
]]>
    </failure>
  </testcase> <!-- runScenario -->
  <system-out/>
</testsuite> <!-- com.ixigo.testing.runner.RunnerTrainName -->
