<?xml version="1.0" encoding="UTF-8"?>
<!-- Generated by org.testng.reporters.JUnitReportReporter -->
<testsuite hostname="TheVision" failures="0" tests="2" name="com.ixigo.testing.runner.RunnerTrainName" time="58.080" errors="0" timestamp="2026-04-17T10:46:33 IST" skipped="0">
  <testcase classname="com.ixigo.testing.runner.RunnerTrainName" name="runScenario" time="29.751"/>
  <system-out/>
  <testcase classname="com.ixigo.testing.runner.RunnerTrainName" name="runScenario" time="28.329"/>
  <system-out/>
</testsuite> <!-- com.ixigo.testing.runner.RunnerTrainName -->
