<?xml version="1.0" encoding="UTF-8"?>
<testng-results ignored="0" total="6" passed="6" failed="0" skipped="0">
  <reporter-output>
  </reporter-output>
  <suite started-at="2026-04-27T08:58:33 IST" name="Default suite" finished-at="2026-04-27T09:03:47 IST" duration-ms="313298">
    <groups>
      <group name="cucumber">
        <method signature="AbstractTestNGCucumberTests.runScenario(io.cucumber.testng.PickleWrapper,io.cucumber.testng.FeatureWrapper)[pri:0, instance:com.ixigo.testing.testrunner.RunnerIO@3c9754d8]" name="runScenario" class="io.cucumber.testng.AbstractTestNGCucumberTests"/>
      </group> <!-- cucumber -->
    </groups>
    <test started-at="2026-04-27T08:58:33 IST" name="Default test" finished-at="2026-04-27T09:03:47 IST" duration-ms="313298">
      <class name="com.ixigo.testing.testrunner.RunnerIO">
        <test-method is-config="true" signature="setUpClass(org.testng.ITestContext)[pri:0, instance:com.ixigo.testing.testrunner.RunnerIO@3c9754d8]" started-at="2026-04-27T08:58:33 IST" name="setUpClass" finished-at="2026-04-27T08:58:34 IST" duration-ms="1042" status="PASS">
          <params>
            <param index="0">
              <value>
                <![CDATA[org.testng.TestRunner@c7a977f]]>
              </value>
            </param>
          </params>
          <reporter-output>
          </reporter-output>
        </test-method> <!-- setUpClass -->
        <test-method signature="runScenario(io.cucumber.testng.PickleWrapper,io.cucumber.testng.FeatureWrapper)[pri:0, instance:com.ixigo.testing.testrunner.RunnerIO@3c9754d8]" started-at="2026-04-27T08:58:35 IST" name="runScenario" description="Runs Cucumber Scenarios" data-provider="scenarios" finished-at="2026-04-27T09:00:19 IST" duration-ms="104403" status="PASS">
          <params>
            <param index="0">
              <value>
                <![CDATA["track the ticket with invalid details"]]>
              </value>
            </param>
            <param index="1">
              <value>
                <![CDATA["Bus Booking functionality in ixigo"]]>
              </value>
            </param>
          </params>
          <reporter-output>
          </reporter-output>
        </test-method> <!-- runScenario -->
        <test-method signature="runScenario(io.cucumber.testng.PickleWrapper,io.cucumber.testng.FeatureWrapper)[pri:0, instance:com.ixigo.testing.testrunner.RunnerIO@3c9754d8]" started-at="2026-04-27T08:58:35 IST" name="runScenario" description="Runs Cucumber Scenarios" data-provider="scenarios" finished-at="2026-04-27T09:03:42 IST" duration-ms="307061" status="PASS">
          <params>
            <param index="0">
              <value>
                <![CDATA["User selects a bus and chooses a seat"]]>
              </value>
            </param>
            <param index="1">
              <value>
                <![CDATA["Bus Booking functionality in ixigo"]]>
              </value>
            </param>
          </params>
          <reporter-output>
          </reporter-output>
        </test-method> <!-- runScenario -->
        <test-method signature="runScenario(io.cucumber.testng.PickleWrapper,io.cucumber.testng.FeatureWrapper)[pri:0, instance:com.ixigo.testing.testrunner.RunnerIO@3c9754d8]" started-at="2026-04-27T08:58:35 IST" name="runScenario" description="Runs Cucumber Scenarios" data-provider="scenarios" finished-at="2026-04-27T09:00:29 IST" duration-ms="114967" status="PASS">
          <params>
            <param index="0">
              <value>
                <![CDATA["User searches for buses between cities"]]>
              </value>
            </param>
            <param index="1">
              <value>
                <![CDATA["Bus Booking functionality in ixigo"]]>
              </value>
            </param>
          </params>
          <reporter-output>
          </reporter-output>
        </test-method> <!-- runScenario -->
        <test-method signature="runScenario(io.cucumber.testng.PickleWrapper,io.cucumber.testng.FeatureWrapper)[pri:0, instance:com.ixigo.testing.testrunner.RunnerIO@3c9754d8]" started-at="2026-04-27T08:58:35 IST" name="runScenario" description="Runs Cucumber Scenarios" data-provider="scenarios" finished-at="2026-04-27T09:00:46 IST" duration-ms="131350" status="PASS">
          <params>
            <param index="0">
              <value>
                <![CDATA["User applies optional filters on bus results"]]>
              </value>
            </param>
            <param index="1">
              <value>
                <![CDATA["Bus Booking functionality in ixigo"]]>
              </value>
            </param>
          </params>
          <reporter-output>
          </reporter-output>
        </test-method> <!-- runScenario -->
        <test-method signature="runScenario(io.cucumber.testng.PickleWrapper,io.cucumber.testng.FeatureWrapper)[pri:0, instance:com.ixigo.testing.testrunner.RunnerIO@3c9754d8]" started-at="2026-04-27T08:58:35 IST" name="runScenario" description="Runs Cucumber Scenarios" data-provider="scenarios" finished-at="2026-04-27T09:00:51 IST" duration-ms="136924" status="PASS">
          <params>
            <param index="0">
              <value>
                <![CDATA["User applies mandatory filters on bus results"]]>
              </value>
            </param>
            <param index="1">
              <value>
                <![CDATA["Bus Booking functionality in ixigo"]]>
              </value>
            </param>
          </params>
          <reporter-output>
          </reporter-output>
        </test-method> <!-- runScenario -->
        <test-method signature="runScenario(io.cucumber.testng.PickleWrapper,io.cucumber.testng.FeatureWrapper)[pri:0, instance:com.ixigo.testing.testrunner.RunnerIO@3c9754d8]" started-at="2026-04-27T08:58:35 IST" name="runScenario" description="Runs Cucumber Scenarios" data-provider="scenarios" finished-at="2026-04-27T09:03:43 IST" duration-ms="308636" status="PASS">
          <params>
            <param index="0">
              <value>
                <![CDATA["User fills passenger details and proceeds to payment"]]>
              </value>
            </param>
            <param index="1">
              <value>
                <![CDATA["Bus Booking functionality in ixigo"]]>
              </value>
            </param>
          </params>
          <reporter-output>
          </reporter-output>
        </test-method> <!-- runScenario -->
        <test-method is-config="true" signature="tearDownClass()[pri:0, instance:com.ixigo.testing.testrunner.RunnerIO@3c9754d8]" started-at="2026-04-27T09:03:43 IST" name="tearDownClass" finished-at="2026-04-27T09:03:47 IST" duration-ms="3519" status="PASS">
          <reporter-output>
          </reporter-output>
        </test-method> <!-- tearDownClass -->
      </class> <!-- com.ixigo.testing.testrunner.RunnerIO -->
    </test> <!-- Default test -->
  </suite> <!-- Default suite -->
</testng-results>
