<?xml version="1.0" encoding="UTF-8"?>
<testng-results ignored="0" total="7" passed="5" failed="2" skipped="0">
  <reporter-output>
  </reporter-output>
  <suite started-at="2026-04-27T08:44:01 IST" name="IxigoMasterSuite" finished-at="2026-04-27T08:48:26 IST" duration-ms="264805">
    <groups>
      <group name="cucumber">
        <method signature="AbstractTestNGCucumberTests.runScenario(io.cucumber.testng.PickleWrapper,io.cucumber.testng.FeatureWrapper)[pri:0, instance:com.ixigo.testing.testrunner.RunnerIO@7a675056]" name="runScenario" class="io.cucumber.testng.AbstractTestNGCucumberTests"/>
      </group> <!-- cucumber -->
    </groups>
    <test started-at="2026-04-27T08:44:01 IST" name="LoginSetup" finished-at="2026-04-27T08:46:16 IST" duration-ms="134133">
      <class name="com.ixigo.testing.login.LoginModule">
        <test-method signature="performLoginAndSaveCookies()[pri:0, instance:com.ixigo.testing.login.LoginModule@2d1ef81a]" started-at="2026-04-27T08:44:01 IST" name="performLoginAndSaveCookies" description="Perform one-time login and save cookies for all test modules" finished-at="2026-04-27T08:46:16 IST" duration-ms="134093" status="PASS">
          <reporter-output>
          </reporter-output>
        </test-method> <!-- performLoginAndSaveCookies -->
      </class> <!-- com.ixigo.testing.login.LoginModule -->
    </test> <!-- LoginSetup -->
    <test started-at="2026-04-27T08:46:16 IST" name="IxigoTests" finished-at="2026-04-27T08:48:26 IST" duration-ms="130607">
      <class name="com.ixigo.testing.testrunner.RunnerIO">
        <test-method is-config="true" signature="setUpClass(org.testng.ITestContext)[pri:0, instance:com.ixigo.testing.testrunner.RunnerIO@7a675056]" started-at="2026-04-27T08:46:16 IST" name="setUpClass" finished-at="2026-04-27T08:46:16 IST" duration-ms="592" status="PASS">
          <params>
            <param index="0">
              <value>
                <![CDATA[org.testng.TestRunner@2b6a0ea9]]>
              </value>
            </param>
          </params>
          <reporter-output>
          </reporter-output>
        </test-method> <!-- setUpClass -->
        <test-method signature="runScenario(io.cucumber.testng.PickleWrapper,io.cucumber.testng.FeatureWrapper)[pri:0, instance:com.ixigo.testing.testrunner.RunnerIO@7a675056]" started-at="2026-04-27T08:46:16 IST" name="runScenario" description="Runs Cucumber Scenarios" data-provider="scenarios" finished-at="2026-04-27T08:47:05 IST" duration-ms="49178" status="PASS">
          <params>
            <param index="0">
              <value>
                <![CDATA["Search food using PNR"]]>
              </value>
            </param>
            <param index="1">
              <value>
                <![CDATA["Food Delivery in Train"]]>
              </value>
            </param>
          </params>
          <reporter-output>
          </reporter-output>
        </test-method> <!-- runScenario -->
        <test-method signature="runScenario(io.cucumber.testng.PickleWrapper,io.cucumber.testng.FeatureWrapper)[pri:0, instance:com.ixigo.testing.testrunner.RunnerIO@7a675056]" started-at="2026-04-27T08:46:16 IST" name="runScenario" description="Runs Cucumber Scenarios" data-provider="scenarios" finished-at="2026-04-27T08:47:35 IST" duration-ms="78433" status="PASS">
          <params>
            <param index="0">
              <value>
                <![CDATA["Book train using station module and verify login popup"]]>
              </value>
            </param>
            <param index="1">
              <value>
                <![CDATA["Ixigo Station Booking Flow"]]>
              </value>
            </param>
          </params>
          <reporter-output>
          </reporter-output>
        </test-method> <!-- runScenario -->
        <test-method signature="runScenario(io.cucumber.testng.PickleWrapper,io.cucumber.testng.FeatureWrapper)[pri:0, instance:com.ixigo.testing.testrunner.RunnerIO@7a675056]" started-at="2026-04-27T08:46:16 IST" name="runScenario" description="Runs Cucumber Scenarios" data-provider="scenarios" finished-at="2026-04-27T08:48:06 IST" duration-ms="109727" status="PASS">
          <params>
            <param index="0">
              <value>
                <![CDATA["Search train and proceed to booking"]]>
              </value>
            </param>
            <param index="1">
              <value>
                <![CDATA["Train Search by Name or Number"]]>
              </value>
            </param>
          </params>
          <reporter-output>
          </reporter-output>
        </test-method> <!-- runScenario -->
        <test-method signature="runScenario(io.cucumber.testng.PickleWrapper,io.cucumber.testng.FeatureWrapper)[pri:0, instance:com.ixigo.testing.testrunner.RunnerIO@7a675056]" started-at="2026-04-27T08:46:16 IST" name="runScenario" description="Runs Cucumber Scenarios" data-provider="scenarios" finished-at="2026-04-27T08:48:26 IST" duration-ms="129937" status="PASS">
          <params>
            <param index="0">
              <value>
                <![CDATA["Validate booking flow till login popup"]]>
              </value>
            </param>
            <param index="1">
              <value>
                <![CDATA["Vande Bharat Train Booking"]]>
              </value>
            </param>
          </params>
          <reporter-output>
          </reporter-output>
        </test-method> <!-- runScenario -->
        <test-method signature="runScenario(io.cucumber.testng.PickleWrapper,io.cucumber.testng.FeatureWrapper)[pri:0, instance:com.ixigo.testing.testrunner.RunnerIO@7a675056]" started-at="2026-04-27T08:46:16 IST" name="runScenario" description="Runs Cucumber Scenarios" data-provider="scenarios" finished-at="2026-04-27T08:48:26 IST" duration-ms="129390" status="FAIL">
          <params>
            <param index="0">
              <value>
                <![CDATA["Search train and proceed to booking"]]>
              </value>
            </param>
            <param index="1">
              <value>
                <![CDATA["Train Search by Name or Number"]]>
              </value>
            </param>
          </params>
          <exception class="java.lang.AssertionError">
            <message>
              <![CDATA[LOGIN POPUP not shown. URL: https://www.ixigo.com/trains/12610/seat-availability]]>
            </message>
            <full-stacktrace>
              <![CDATA[java.lang.AssertionError: LOGIN POPUP not shown. URL: https://www.ixigo.com/trains/12610/seat-availability
at org.testng.Assert.fail(Assert.java:110)
at com.ixigo.testing.stepdefinition.CommonSteps.runFullPostBookFlow(CommonSteps.java:132)
at com.ixigo.testing.stepdefinition.CommonSteps.verify_login_popup(CommonSteps.java:54)
at ✽.User should see login popup(file:///C:/Users/Our_Power/IxigoFinalCopy/ixigo/src/test/java/com/ixigo/testing/featurefile/trainName.feature:13)
]]>
            </full-stacktrace>
          </exception> <!-- java.lang.AssertionError -->
          <reporter-output>
          </reporter-output>
        </test-method> <!-- runScenario -->
        <test-method signature="runScenario(io.cucumber.testng.PickleWrapper,io.cucumber.testng.FeatureWrapper)[pri:0, instance:com.ixigo.testing.testrunner.RunnerIO@7a675056]" started-at="2026-04-27T08:46:16 IST" name="runScenario" description="Runs Cucumber Scenarios" data-provider="scenarios" finished-at="2026-04-27T08:48:24 IST" duration-ms="127343" status="FAIL">
          <params>
            <param index="0">
              <value>
                <![CDATA["Search train platform and proceed to booking"]]>
              </value>
            </param>
            <param index="1">
              <value>
                <![CDATA["Platform Locator"]]>
              </value>
            </param>
          </params>
          <exception class="java.lang.AssertionError">
            <message>
              <![CDATA[LOGIN POPUP not shown. URL: https://www.ixigo.com/search/result/train/MS/KKDI/30052026//1/0/0/0/all]]>
            </message>
            <full-stacktrace>
              <![CDATA[java.lang.AssertionError: LOGIN POPUP not shown. URL: https://www.ixigo.com/search/result/train/MS/KKDI/30052026//1/0/0/0/all
at org.testng.Assert.fail(Assert.java:110)
at com.ixigo.testing.stepdefinition.CommonSteps.runFullPostBookFlow(CommonSteps.java:132)
at com.ixigo.testing.stepdefinition.CommonSteps.verify_login_popup(CommonSteps.java:54)
at ✽.User should see login popup(file:///C:/Users/Our_Power/IxigoFinalCopy/ixigo/src/test/java/com/ixigo/testing/featurefile/platform.feature:9)
]]>
            </full-stacktrace>
          </exception> <!-- java.lang.AssertionError -->
          <reporter-output>
          </reporter-output>
        </test-method> <!-- runScenario -->
        <test-method is-config="true" signature="tearDownClass()[pri:0, instance:com.ixigo.testing.testrunner.RunnerIO@7a675056]" started-at="2026-04-27T08:48:26 IST" name="tearDownClass" finished-at="2026-04-27T08:48:26 IST" duration-ms="64" status="PASS">
          <reporter-output>
          </reporter-output>
        </test-method> <!-- tearDownClass -->
      </class> <!-- com.ixigo.testing.testrunner.RunnerIO -->
    </test> <!-- IxigoTests -->
  </suite> <!-- IxigoMasterSuite -->
</testng-results>
