<?xml version="1.0" encoding="UTF-8"?>
<testng-results ignored="0" total="7" passed="5" failed="2" skipped="0">
  <reporter-output>
  </reporter-output>
  <suite started-at="2026-04-17T14:46:24 IST" name="Default suite" finished-at="2026-04-17T14:49:38 IST" duration-ms="194007">
    <groups>
      <group name="cucumber">
        <method signature="AbstractTestNGCucumberTests.runScenario(io.cucumber.testng.PickleWrapper,io.cucumber.testng.FeatureWrapper)[pri:0, instance:com.ixigo.testing.runner.RunnerIO@66d18979]" name="runScenario" class="io.cucumber.testng.AbstractTestNGCucumberTests"/>
      </group> <!-- cucumber -->
    </groups>
    <test started-at="2026-04-17T14:46:24 IST" name="Default test" finished-at="2026-04-17T14:49:38 IST" duration-ms="194007">
      <class name="com.ixigo.testing.runner.RunnerIO">
        <test-method is-config="true" signature="setUpClass(org.testng.ITestContext)[pri:0, instance:com.ixigo.testing.runner.RunnerIO@66d18979]" started-at="2026-04-17T14:46:24 IST" name="setUpClass" finished-at="2026-04-17T14:46:25 IST" duration-ms="577" status="PASS">
          <params>
            <param index="0">
              <value>
                <![CDATA[org.testng.TestRunner@369fb99a]]>
              </value>
            </param>
          </params>
          <reporter-output>
          </reporter-output>
        </test-method> <!-- setUpClass -->
        <test-method signature="runScenario(io.cucumber.testng.PickleWrapper,io.cucumber.testng.FeatureWrapper)[pri:0, instance:com.ixigo.testing.runner.RunnerIO@66d18979]" started-at="2026-04-17T14:46:25 IST" name="runScenario" description="Runs Cucumber Scenarios" data-provider="scenarios" finished-at="2026-04-17T14:46:34 IST" duration-ms="9575" status="PASS">
          <params>
            <param index="0">
              <value>
                <![CDATA["Search food using PNR"]]>
              </value>
            </param>
            <param index="1">
              <value>
                <![CDATA["Food Delivery in Train"]]>
              </value>
            </param>
          </params>
          <reporter-output>
          </reporter-output>
        </test-method> <!-- runScenario -->
        <test-method signature="runScenario(io.cucumber.testng.PickleWrapper,io.cucumber.testng.FeatureWrapper)[pri:0, instance:com.ixigo.testing.runner.RunnerIO@66d18979]" started-at="2026-04-17T14:46:34 IST" name="runScenario" description="Runs Cucumber Scenarios" data-provider="scenarios" finished-at="2026-04-17T14:47:05 IST" duration-ms="30590" status="PASS">
          <params>
            <param index="0">
              <value>
                <![CDATA["Search train platform and proceed to booking"]]>
              </value>
            </param>
            <param index="1">
              <value>
                <![CDATA["Platform Locator"]]>
              </value>
            </param>
          </params>
          <reporter-output>
          </reporter-output>
        </test-method> <!-- runScenario -->
        <test-method signature="runScenario(io.cucumber.testng.PickleWrapper,io.cucumber.testng.FeatureWrapper)[pri:0, instance:com.ixigo.testing.runner.RunnerIO@66d18979]" started-at="2026-04-17T14:47:05 IST" name="runScenario" description="Runs Cucumber Scenarios" data-provider="scenarios" finished-at="2026-04-17T14:47:44 IST" duration-ms="38872" status="FAIL">
          <params>
            <param index="0">
              <value>
                <![CDATA["Search trains using station and proceed to booking"]]>
              </value>
            </param>
            <param index="1">
              <value>
                <![CDATA["Train Search by Station"]]>
              </value>
            </param>
          </params>
          <exception class="org.openqa.selenium.TimeoutException">
            <message>
              <![CDATA[Expected condition failed: waiting for element to be clickable: By.xpath: //div[contains(@class,'green')] (tried for 20 second(s) with 500 milliseconds interval)
Build info: version: '4.18.1', revision: 'b1d3319b48'
System info: os.name: 'Windows 11', os.arch: 'amd64', os.version: '10.0', java.version: '20.0.2'
Driver info: org.openqa.selenium.chrome.ChromeDriver
Capabilities {acceptInsecureCerts: false, browserName: chrome, browserVersion: 147.0.7727.101, chrome: {chromedriverVersion: 147.0.7727.57 (b4f28b5637d0..., userDataDir: C:\Users\Our_Power\AppData\...}, fedcm:accounts: true, goog:chromeOptions: {debuggerAddress: localhost:59443}, goog:processID: 18988, networkConnectionEnabled: false, pageLoadStrategy: normal, platformName: windows, proxy: Proxy(), se:cdp: ws://localhost:59443/devtoo..., se:cdpVersion: 147.0.7727.101, setWindowRect: true, strictFileInteractability: false, timeouts: {implicit: 0, pageLoad: 300000, script: 30000}, unhandledPromptBehavior: dismiss and notify, webauthn:extension:credBlob: true, webauthn:extension:largeBlob: true, webauthn:extension:minPinLength: true, webauthn:extension:prf: true, webauthn:virtualAuthenticators: true}
Session ID: 00b28b7b567317143824a12172396ce1]]>
            </message>
            <full-stacktrace>
              <![CDATA[org.openqa.selenium.TimeoutException: Expected condition failed: waiting for element to be clickable: By.xpath: //div[contains(@class,'green')] (tried for 20 second(s) with 500 milliseconds interval)
Build info: version: '4.18.1', revision: 'b1d3319b48'
System info: os.name: 'Windows 11', os.arch: 'amd64', os.version: '10.0', java.version: '20.0.2'
Driver info: org.openqa.selenium.chrome.ChromeDriver
Capabilities {acceptInsecureCerts: false, browserName: chrome, browserVersion: 147.0.7727.101, chrome: {chromedriverVersion: 147.0.7727.57 (b4f28b5637d0..., userDataDir: C:\Users\Our_Power\AppData\...}, fedcm:accounts: true, goog:chromeOptions: {debuggerAddress: localhost:59443}, goog:processID: 18988, networkConnectionEnabled: false, pageLoadStrategy: normal, platformName: windows, proxy: Proxy(), se:cdp: ws://localhost:59443/devtoo..., se:cdpVersion: 147.0.7727.101, setWindowRect: true, strictFileInteractability: false, timeouts: {implicit: 0, pageLoad: 300000, script: 30000}, unhandledPromptBehavior: dismiss and notify, webauthn:extension:credBlob: true, webauthn:extension:largeBlob: true, webauthn:extension:minPinLength: true, webauthn:extension:prf: true, webauthn:virtualAuthenticators: true}
Session ID: 00b28b7b567317143824a12172396ce1
at org.openqa.selenium.support.ui.WebDriverWait.timeoutException(WebDriverWait.java:84)
at org.openqa.selenium.support.ui.FluentWait.until(FluentWait.java:228)
at com.ixigo.testing.utilities.AllUtilityFunctions.waitForClickable(AllUtilityFunctions.java:38)
at com.ixigo.testing.utilities.AllUtilityFunctions.click(AllUtilityFunctions.java:47)
at com.ixigo.testing.pages.IxigoStationPage.selectDate(IxigoStationPage.java:98)
at com.ixigo.testing.stepdefinitions.StationSteps.user_selects_date_and_books(StationSteps.java:47)
at ✽.User selects available date and books(file:///C:/Users/Our_Power/ixigo/ixigo/src/test/java/com/ixigo/testing/features/station.feature:8)
]]>
            </full-stacktrace>
          </exception> <!-- org.openqa.selenium.TimeoutException -->
          <reporter-output>
          </reporter-output>
        </test-method> <!-- runScenario -->
        <test-method signature="runScenario(io.cucumber.testng.PickleWrapper,io.cucumber.testng.FeatureWrapper)[pri:0, instance:com.ixigo.testing.runner.RunnerIO@66d18979]" started-at="2026-04-17T14:47:44 IST" name="runScenario" description="Runs Cucumber Scenarios" data-provider="scenarios" finished-at="2026-04-17T14:48:19 IST" duration-ms="35004" status="FAIL">
          <params>
            <param index="0">
              <value>
                <![CDATA["Search trains using station and proceed to booking"]]>
              </value>
            </param>
            <param index="1">
              <value>
                <![CDATA["Train Search by Station"]]>
              </value>
            </param>
          </params>
          <exception class="org.openqa.selenium.TimeoutException">
            <message>
              <![CDATA[Expected condition failed: waiting for element to be clickable: By.xpath: //a[contains(text(),'Book Now')] (tried for 20 second(s) with 500 milliseconds interval)
Build info: version: '4.18.1', revision: 'b1d3319b48'
System info: os.name: 'Windows 11', os.arch: 'amd64', os.version: '10.0', java.version: '20.0.2'
Driver info: org.openqa.selenium.chrome.ChromeDriver
Capabilities {acceptInsecureCerts: false, browserName: chrome, browserVersion: 147.0.7727.101, chrome: {chromedriverVersion: 147.0.7727.57 (b4f28b5637d0..., userDataDir: C:\Users\Our_Power\AppData\...}, fedcm:accounts: true, goog:chromeOptions: {debuggerAddress: localhost:64095}, goog:processID: 5700, networkConnectionEnabled: false, pageLoadStrategy: normal, platformName: windows, proxy: Proxy(), se:cdp: ws://localhost:64095/devtoo..., se:cdpVersion: 147.0.7727.101, setWindowRect: true, strictFileInteractability: false, timeouts: {implicit: 0, pageLoad: 300000, script: 30000}, unhandledPromptBehavior: dismiss and notify, webauthn:extension:credBlob: true, webauthn:extension:largeBlob: true, webauthn:extension:minPinLength: true, webauthn:extension:prf: true, webauthn:virtualAuthenticators: true}
Session ID: abf3b85ecc93cc77b42d92d003b0952b]]>
            </message>
            <full-stacktrace>
              <![CDATA[org.openqa.selenium.TimeoutException: Expected condition failed: waiting for element to be clickable: By.xpath: //a[contains(text(),'Book Now')] (tried for 20 second(s) with 500 milliseconds interval)
Build info: version: '4.18.1', revision: 'b1d3319b48'
System info: os.name: 'Windows 11', os.arch: 'amd64', os.version: '10.0', java.version: '20.0.2'
Driver info: org.openqa.selenium.chrome.ChromeDriver
Capabilities {acceptInsecureCerts: false, browserName: chrome, browserVersion: 147.0.7727.101, chrome: {chromedriverVersion: 147.0.7727.57 (b4f28b5637d0..., userDataDir: C:\Users\Our_Power\AppData\...}, fedcm:accounts: true, goog:chromeOptions: {debuggerAddress: localhost:64095}, goog:processID: 5700, networkConnectionEnabled: false, pageLoadStrategy: normal, platformName: windows, proxy: Proxy(), se:cdp: ws://localhost:64095/devtoo..., se:cdpVersion: 147.0.7727.101, setWindowRect: true, strictFileInteractability: false, timeouts: {implicit: 0, pageLoad: 300000, script: 30000}, unhandledPromptBehavior: dismiss and notify, webauthn:extension:credBlob: true, webauthn:extension:largeBlob: true, webauthn:extension:minPinLength: true, webauthn:extension:prf: true, webauthn:virtualAuthenticators: true}
Session ID: abf3b85ecc93cc77b42d92d003b0952b
at org.openqa.selenium.support.ui.WebDriverWait.timeoutException(WebDriverWait.java:84)
at org.openqa.selenium.support.ui.FluentWait.until(FluentWait.java:228)
at com.ixigo.testing.utilities.AllUtilityFunctions.waitForClickable(AllUtilityFunctions.java:38)
at com.ixigo.testing.utilities.AllUtilityFunctions.click(AllUtilityFunctions.java:47)
at com.ixigo.testing.pages.IxigoStationPage.clickBookNow(IxigoStationPage.java:93)
at com.ixigo.testing.stepdefinitions.StationSteps.user_clicks_book_now(StationSteps.java:42)
at ✽.User clicks Book Now and proceeds(file:///C:/Users/Our_Power/ixigo/ixigo/src/test/java/com/ixigo/testing/features/station.feature:7)
]]>
            </full-stacktrace>
          </exception> <!-- org.openqa.selenium.TimeoutException -->
          <reporter-output>
          </reporter-output>
        </test-method> <!-- runScenario -->
        <test-method signature="runScenario(io.cucumber.testng.PickleWrapper,io.cucumber.testng.FeatureWrapper)[pri:0, instance:com.ixigo.testing.runner.RunnerIO@66d18979]" started-at="2026-04-17T14:48:19 IST" name="runScenario" description="Runs Cucumber Scenarios" data-provider="scenarios" finished-at="2026-04-17T14:48:46 IST" duration-ms="27068" status="PASS">
          <params>
            <param index="0">
              <value>
                <![CDATA["Search train and proceed to booking"]]>
              </value>
            </param>
            <param index="1">
              <value>
                <![CDATA["Train Search by Name or Number"]]>
              </value>
            </param>
          </params>
          <reporter-output>
          </reporter-output>
        </test-method> <!-- runScenario -->
        <test-method signature="runScenario(io.cucumber.testng.PickleWrapper,io.cucumber.testng.FeatureWrapper)[pri:0, instance:com.ixigo.testing.runner.RunnerIO@66d18979]" started-at="2026-04-17T14:48:46 IST" name="runScenario" description="Runs Cucumber Scenarios" data-provider="scenarios" finished-at="2026-04-17T14:49:12 IST" duration-ms="26666" status="PASS">
          <params>
            <param index="0">
              <value>
                <![CDATA["Search train and proceed to booking"]]>
              </value>
            </param>
            <param index="1">
              <value>
                <![CDATA["Train Search by Name or Number"]]>
              </value>
            </param>
          </params>
          <reporter-output>
          </reporter-output>
        </test-method> <!-- runScenario -->
        <test-method signature="runScenario(io.cucumber.testng.PickleWrapper,io.cucumber.testng.FeatureWrapper)[pri:0, instance:com.ixigo.testing.runner.RunnerIO@66d18979]" started-at="2026-04-17T14:49:12 IST" name="runScenario" description="Runs Cucumber Scenarios" data-provider="scenarios" finished-at="2026-04-17T14:49:38 IST" duration-ms="25495" status="PASS">
          <params>
            <param index="0">
              <value>
                <![CDATA["Search and book Vande Bharat train"]]>
              </value>
            </param>
            <param index="1">
              <value>
                <![CDATA["Vande Bharat Train Booking"]]>
              </value>
            </param>
          </params>
          <reporter-output>
          </reporter-output>
        </test-method> <!-- runScenario -->
        <test-method is-config="true" signature="tearDownClass()[pri:0, instance:com.ixigo.testing.runner.RunnerIO@66d18979]" started-at="2026-04-17T14:49:38 IST" name="tearDownClass" finished-at="2026-04-17T14:49:38 IST" duration-ms="79" status="PASS">
          <reporter-output>
          </reporter-output>
        </test-method> <!-- tearDownClass -->
      </class> <!-- com.ixigo.testing.runner.RunnerIO -->
    </test> <!-- Default test -->
  </suite> <!-- Default suite -->
</testng-results>
