<?xml version="1.0" encoding="UTF-8"?>
<!-- Generated by org.testng.reporters.JUnitReportReporter -->
<testsuite hostname="LAPTOP-DE8T8TA8" failures="0" tests="6" name="com.ixigo.testing.testrunner.RunnerIO" time="1103.341" errors="0" timestamp="2026-04-27T09:03:47 IST" skipped="0">
  <testcase classname="com.ixigo.testing.testrunner.RunnerIO" name="runScenario" time="104.403"/>
  <testcase classname="com.ixigo.testing.testrunner.RunnerIO" name="runScenario" time="307.061"/>
  <testcase classname="com.ixigo.testing.testrunner.RunnerIO" name="runScenario" time="114.967"/>
  <testcase classname="com.ixigo.testing.testrunner.RunnerIO" name="runScenario" time="131.350"/>
  <testcase classname="com.ixigo.testing.testrunner.RunnerIO" name="runScenario" time="136.924"/>
  <testcase classname="com.ixigo.testing.testrunner.RunnerIO" name="runScenario" time="308.636"/>
</testsuite> <!-- com.ixigo.testing.testrunner.RunnerIO -->
